[2026-01-29 12:42:56] Step 1: perf: cache remote configurations locally
[2026-01-29 12:42:56] Step 2: fix: optimize gas estimates for L2
[2026-01-29 12:42:57] Step 3: feat: integration with viem/ethers v6
[2026-01-29 12:42:57] Step 4: style: improve variable naming consistency
[2026-01-29 12:42:58] Step 5: fix: optimize gas estimates for L2
[2026-01-29 12:42:58] Step 6: feat: integration with viem/ethers v6
[2026-01-29 12:42:59] Step 7: chore: update dependencies for base-mainnet
[2026-01-29 12:42:59] Step 8: fix: optimize gas estimates for L2
[2026-01-29 12:42:59] Step 9: fix: optimize gas estimates for L2
[2026-01-29 12:43:00] Step 10: feat: add base provider configuration
[2026-01-29 12:43:00] Step 11: fix: handle rpc timeout gracefully
[2026-01-29 12:43:01] Step 12: style: improve variable naming consistency
[2026-01-29 12:43:01] Step 13: test: add unit tests for vault logic
[2026-01-29 12:43:01] Step 14: refactor: modularize contract interaction
[2026-01-29 12:43:02] Step 15: feat: add base provider configuration
[2026-01-29 12:43:02] Step 16: refactor: modularize contract interaction
[2026-01-29 12:43:03] Step 17: fix: handle rpc timeout gracefully
[2026-01-29 12:43:03] Step 18: fix: optimize gas estimates for L2
[2026-01-29 12:43:03] Step 19: style: improve variable naming consistency
[2026-01-29 12:43:04] Step 20: fix: handle rpc timeout gracefully
[2026-01-29 12:43:04] Step 21: feat: integration with viem/ethers v6
[2026-01-29 12:43:05] Step 22: fix: optimize gas estimates for L2
[2026-01-29 12:43:05] Step 23: feat: integration with viem/ethers v6
[2026-01-29 12:43:06] Step 24: refactor: modularize contract interaction
[2026-01-29 12:43:06] Step 25: perf: cache remote configurations locally
[2026-01-29 12:43:06] Step 26: feat: add base provider configuration
[2026-01-29 12:43:07] Step 27: style: improve variable naming consistency
[2026-01-29 12:43:08] Step 28: docs: update deployment steps
[2026-01-29 12:43:08] Step 29: style: improve variable naming consistency
